<?xml version="1.0" encoding="UTF-8"?>
<!-- Generated by org.testng.reporters.JUnitReportReporter -->
<testsuite hostname="PCavel" failures="0" tests="2" name="tests.RegistrationAndUploadLogoTest" time="7.733" errors="0" timestamp="30 янв. 2019 09:21:18 GMT" skipped="0">
  <testcase classname="tests.RegistrationAndUploadLogoTest" name="registrationTest" time="3.417"/>
  <testcase classname="tests.RegistrationAndUploadLogoTest" name="uploadLogoTest" time="4.316"/>
</testsuite> <!-- tests.RegistrationAndUploadLogoTest -->
